[2016-03-22 09:04:21.774] [ERROR] err - { [ValidationError: memberRank validation failed]
  message: 'memberRank validation failed',
  name: 'ValidationError',
  errors: 
   { score: 
      { [CastError: Cast to Number failed for value "dfd" at path "score"]
        message: 'Cast to Number failed for value "dfd" at path "score"',
        name: 'CastError',
        kind: 'Number',
        value: 'dfd',
        path: 'score',
        reason: undefined },
     percent: 
      { [CastError: Cast to Number failed for value "dfdfdf" at path "percent"]
        message: 'Cast to Number failed for value "dfdfdf" at path "percent"',
        name: 'CastError',
        kind: 'Number',
        value: 'dfdfdf',
        path: 'percent',
        reason: undefined } } }
ValidationError: memberRank validation failed
    at MongooseError.ValidationError (h:\github\node-mongodb\node_modules\mongoose\lib\error\validation.js:22:11)
    at model.Document.invalidate (h:\github\node-mongodb\node_modules\mongoose\lib\document.js:1324:32)
    at model.Document.set (h:\github\node-mongodb\node_modules\mongoose\lib\document.js:677:10)
    at model.Object.defineProperty.set [as score] (h:\github\node-mongodb\node_modules\mongoose\lib\document.js:1625:25)
    at h:\github\node-mongodb\backend\dao\baseDao.js:73:38
    at Query.<anonymous> (h:\github\node-mongodb\backend\dao\baseDao.js:44:13)
    at h:\github\node-mongodb\node_modules\mongoose\node_modules\kareem\index.js:177:19
    at h:\github\node-mongodb\node_modules\mongoose\node_modules\kareem\index.js:109:16
    at doNTCallback0 (node.js:417:9)
    at process._tickCallback (node.js:346:13)
